{"/home/jose/projetos-mobile/app-films/.eslintrc.js": {"path":"/home/jose/projetos-mobile/app-films/.eslintrc.js","statementMap":{"0":{"start":{"line":1,"column":0},"end":{"line":15,"column":2}}},"fnMap":{},"branchMap":{},"s":{"0":0},"f":{},"b":{}}
,"/home/jose/projetos-mobile/app-films/jest-setup.ts": {"path":"/home/jose/projetos-mobile/app-films/jest-setup.ts","statementMap":{},"fnMap":{},"branchMap":{},"s":{},"f":{},"b":{}}
,"/home/jose/projetos-mobile/app-films/app/_layout.tsx": {"path":"/home/jose/projetos-mobile/app-films/app/_layout.tsx","statementMap":{"0":{"start":{"line":3,"column":2},"end":{"line":8,"column":4}}},"fnMap":{"0":{"name":"Layout","decl":{"start":{"line":2,"column":24},"end":{"line":2,"column":30}},"loc":{"start":{"line":2,"column":33},"end":{"line":9,"column":1}},"line":2}},"branchMap":{},"s":{"0":0},"f":{"0":0},"b":{}}
,"/home/jose/projetos-mobile/app-films/app/index.tsx": {"path":"/home/jose/projetos-mobile/app-films/app/index.tsx","statementMap":{"0":{"start":{"line":5,"column":2},"end":{"line":20,"column":4}}},"fnMap":{"0":{"name":"Login","decl":{"start":{"line":4,"column":24},"end":{"line":4,"column":29}},"loc":{"start":{"line":4,"column":32},"end":{"line":21,"column":1}},"line":4}},"branchMap":{},"s":{"0":3},"f":{"0":3},"b":{},"_coverageSchema":"1a1c01bbd47fc00a2c39e90264f33305004495a9","hash":"8fbcd750c54e6858e5e8ea3a961e30193162de19"}
,"/home/jose/projetos-mobile/app-films/app/(tabs)/_layout.tsx": {"path":"/home/jose/projetos-mobile/app-films/app/(tabs)/_layout.tsx","statementMap":{"0":{"start":{"line":9,"column":2},"end":{"line":82,"column":4}},"1":{"start":{"line":35,"column":16},"end":{"line":37,"column":19}},"2":{"start":{"line":40,"column":16},"end":{"line":40,"column":67}},"3":{"start":{"line":48,"column":50},"end":{"line":48,"column":77}},"4":{"start":{"line":50,"column":16},"end":{"line":50,"column":65}},"5":{"start":{"line":62,"column":16},"end":{"line":62,"column":62}},"6":{"start":{"line":75,"column":16},"end":{"line":75,"column":63}}},"fnMap":{"0":{"name":"TabLayout","decl":{"start":{"line":8,"column":24},"end":{"line":8,"column":33}},"loc":{"start":{"line":8,"column":36},"end":{"line":83,"column":1}},"line":8},"1":{"name":"(anonymous_1)","decl":{"start":{"line":34,"column":22},"end":{"line":34,"column":23}},"loc":{"start":{"line":35,"column":16},"end":{"line":37,"column":19}},"line":35},"2":{"name":"(anonymous_2)","decl":{"start":{"line":39,"column":26},"end":{"line":39,"column":27}},"loc":{"start":{"line":40,"column":16},"end":{"line":40,"column":67}},"line":40},"3":{"name":"(anonymous_3)","decl":{"start":{"line":48,"column":22},"end":{"line":48,"column":23}},"loc":{"start":{"line":48,"column":50},"end":{"line":48,"column":77}},"line":48},"4":{"name":"(anonymous_4)","decl":{"start":{"line":49,"column":26},"end":{"line":49,"column":27}},"loc":{"start":{"line":50,"column":16},"end":{"line":50,"column":65}},"line":50},"5":{"name":"(anonymous_5)","decl":{"start":{"line":61,"column":26},"end":{"line":61,"column":27}},"loc":{"start":{"line":62,"column":16},"end":{"line":62,"column":62}},"line":62},"6":{"name":"(anonymous_6)","decl":{"start":{"line":74,"column":26},"end":{"line":74,"column":27}},"loc":{"start":{"line":75,"column":16},"end":{"line":75,"column":63}},"line":75}},"branchMap":{},"s":{"0":0,"1":0,"2":0,"3":0,"4":0,"5":0,"6":0},"f":{"0":0,"1":0,"2":0,"3":0,"4":0,"5":0,"6":0},"b":{}}
,"/home/jose/projetos-mobile/app-films/app/(tabs)/index.tsx": {"path":"/home/jose/projetos-mobile/app-films/app/(tabs)/index.tsx","statementMap":{"0":{"start":{"line":5,"column":2},"end":{"line":9,"column":4}}},"fnMap":{"0":{"name":"MoviesHome","decl":{"start":{"line":4,"column":24},"end":{"line":4,"column":34}},"loc":{"start":{"line":4,"column":37},"end":{"line":10,"column":1}},"line":4}},"branchMap":{},"s":{"0":2},"f":{"0":2},"b":{},"_coverageSchema":"1a1c01bbd47fc00a2c39e90264f33305004495a9","hash":"f5cb5f2de7e9861d1c455f15824be49b62eed41b"}
,"/home/jose/projetos-mobile/app-films/components/CountPage/CountPage.tsx": {"path":"/home/jose/projetos-mobile/app-films/components/CountPage/CountPage.tsx","statementMap":{"0":{"start":{"line":12,"column":2},"end":{"line":32,"column":4}},"1":{"start":{"line":16,"column":23},"end":{"line":16,"column":43}},"2":{"start":{"line":27,"column":23},"end":{"line":27,"column":43}}},"fnMap":{"0":{"name":"CountPage","decl":{"start":{"line":5,"column":24},"end":{"line":5,"column":33}},"loc":{"start":{"line":11,"column":3},"end":{"line":33,"column":1}},"line":11},"1":{"name":"(anonymous_1)","decl":{"start":{"line":16,"column":17},"end":{"line":16,"column":18}},"loc":{"start":{"line":16,"column":23},"end":{"line":16,"column":43}},"line":16},"2":{"name":"(anonymous_2)","decl":{"start":{"line":27,"column":17},"end":{"line":27,"column":18}},"loc":{"start":{"line":27,"column":23},"end":{"line":27,"column":43}},"line":27}},"branchMap":{"0":{"loc":{"start":{"line":15,"column":18},"end":{"line":15,"column":36}},"type":"binary-expr","locations":[{"start":{"line":15,"column":18},"end":{"line":15,"column":28}},{"start":{"line":15,"column":32},"end":{"line":15,"column":36}}],"line":15},"1":{"loc":{"start":{"line":21,"column":17},"end":{"line":21,"column":49}},"type":"cond-expr","locations":[{"start":{"line":21,"column":30},"end":{"line":21,"column":39}},{"start":{"line":21,"column":42},"end":{"line":21,"column":49}}],"line":21}},"s":{"0":2,"1":0,"2":1},"f":{"0":2,"1":0,"2":1},"b":{"0":[2,1],"1":[1,1]},"_coverageSchema":"1a1c01bbd47fc00a2c39e90264f33305004495a9","hash":"75d4b45c52b217fa06e1ba17b994f100b5a17554"}
,"/home/jose/projetos-mobile/app-films/components/FormLogin/FormLogin.tsx": {"path":"/home/jose/projetos-mobile/app-films/components/FormLogin/FormLogin.tsx","statementMap":{"0":{"start":{"line":15,"column":19},"end":{"line":15,"column":42}},"1":{"start":{"line":16,"column":17},"end":{"line":16,"column":28}},"2":{"start":{"line":17,"column":26},"end":{"line":17,"column":63}},"3":{"start":{"line":18,"column":32},"end":{"line":18,"column":47}},"4":{"start":{"line":20,"column":23},"end":{"line":32,"column":3}},"5":{"start":{"line":21,"column":28},"end":{"line":24,"column":6}},"6":{"start":{"line":25,"column":4},"end":{"line":25,"column":29}},"7":{"start":{"line":27,"column":4},"end":{"line":31,"column":5}},"8":{"start":{"line":28,"column":6},"end":{"line":28,"column":29}},"9":{"start":{"line":30,"column":6},"end":{"line":30,"column":23}},"10":{"start":{"line":34,"column":2},"end":{"line":67,"column":4}},"11":{"start":{"line":35,"column":50},"end":{"line":35,"column":68}},"12":{"start":{"line":41,"column":34},"end":{"line":41,"column":67}},"13":{"start":{"line":48,"column":34},"end":{"line":48,"column":70}}},"fnMap":{"0":{"name":"FormLogin","decl":{"start":{"line":14,"column":24},"end":{"line":14,"column":33}},"loc":{"start":{"line":14,"column":36},"end":{"line":68,"column":1}},"line":14},"1":{"name":"(anonymous_1)","decl":{"start":{"line":20,"column":23},"end":{"line":20,"column":24}},"loc":{"start":{"line":20,"column":29},"end":{"line":32,"column":3}},"line":20},"2":{"name":"(anonymous_2)","decl":{"start":{"line":35,"column":44},"end":{"line":35,"column":45}},"loc":{"start":{"line":35,"column":50},"end":{"line":35,"column":68}},"line":35},"3":{"name":"(anonymous_3)","decl":{"start":{"line":41,"column":24},"end":{"line":41,"column":25}},"loc":{"start":{"line":41,"column":34},"end":{"line":41,"column":67}},"line":41},"4":{"name":"(anonymous_4)","decl":{"start":{"line":48,"column":24},"end":{"line":48,"column":25}},"loc":{"start":{"line":48,"column":34},"end":{"line":48,"column":70}},"line":48}},"branchMap":{"0":{"loc":{"start":{"line":27,"column":4},"end":{"line":31,"column":5}},"type":"if","locations":[{"start":{"line":27,"column":4},"end":{"line":31,"column":5}},{"start":{"line":29,"column":11},"end":{"line":31,"column":5}}],"line":27},"1":{"loc":{"start":{"line":52,"column":20},"end":{"line":52,"column":69}},"type":"binary-expr","locations":[{"start":{"line":52,"column":20},"end":{"line":52,"column":41}},{"start":{"line":52,"column":45},"end":{"line":52,"column":69}}],"line":52},"2":{"loc":{"start":{"line":55,"column":12},"end":{"line":57,"column":26}},"type":"cond-expr","locations":[{"start":{"line":56,"column":16},"end":{"line":56,"column":34}},{"start":{"line":57,"column":16},"end":{"line":57,"column":26}}],"line":55},"3":{"loc":{"start":{"line":55,"column":12},"end":{"line":55,"column":61}},"type":"binary-expr","locations":[{"start":{"line":55,"column":12},"end":{"line":55,"column":33}},{"start":{"line":55,"column":37},"end":{"line":55,"column":61}}],"line":55},"4":{"loc":{"start":{"line":62,"column":9},"end":{"line":64,"column":9}},"type":"binary-expr","locations":[{"start":{"line":62,"column":9},"end":{"line":62,"column":16}},{"start":{"line":63,"column":10},"end":{"line":63,"column":71}}],"line":62}},"s":{"0":60,"1":60,"2":60,"3":60,"4":60,"5":2,"6":2,"7":2,"8":1,"9":1,"10":60,"11":0,"12":34,"13":22},"f":{"0":60,"1":2,"2":0,"3":34,"4":22},"b":{"0":[1,1],"1":[60,57],"2":[37,23],"3":[60,57],"4":[60,1]},"_coverageSchema":"1a1c01bbd47fc00a2c39e90264f33305004495a9","hash":"a88679a49aecefc8a2b06e4322f032630587d6a7"}
,"/home/jose/projetos-mobile/app-films/components/FormLogin/styles.tsx": {"path":"/home/jose/projetos-mobile/app-films/components/FormLogin/styles.tsx","statementMap":{"0":{"start":{"line":3,"column":15},"end":{"line":52,"column":2}}},"fnMap":{},"branchMap":{},"s":{"0":1},"f":{},"b":{},"_coverageSchema":"1a1c01bbd47fc00a2c39e90264f33305004495a9","hash":"1476173fdd6b4f5c33e0ab08a178aa1a243931dc"}
,"/home/jose/projetos-mobile/app-films/components/MovieList/MovieList.tsx": {"path":"/home/jose/projetos-mobile/app-films/components/MovieList/MovieList.tsx","statementMap":{"0":{"start":{"line":12,"column":4},"end":{"line":12,"column":29}},"1":{"start":{"line":13,"column":17},"end":{"line":13,"column":28}},"2":{"start":{"line":14,"column":20},"end":{"line":14,"column":44}},"3":{"start":{"line":16,"column":21},"end":{"line":25,"column":3}},"4":{"start":{"line":17,"column":4},"end":{"line":23,"column":5}},"5":{"start":{"line":18,"column":6},"end":{"line":18,"column":36}},"6":{"start":{"line":20,"column":6},"end":{"line":20,"column":23}},"7":{"start":{"line":22,"column":6},"end":{"line":22,"column":32}},"8":{"start":{"line":24,"column":4},"end":{"line":24,"column":58}},"9":{"start":{"line":27,"column":2},"end":{"line":32,"column":9}},"10":{"start":{"line":28,"column":17},"end":{"line":30,"column":5}},"11":{"start":{"line":29,"column":6},"end":{"line":29,"column":35}},"12":{"start":{"line":31,"column":4},"end":{"line":31,"column":11}},"13":{"start":{"line":34,"column":2},"end":{"line":39,"column":15}},"14":{"start":{"line":35,"column":17},"end":{"line":37,"column":5}},"15":{"start":{"line":36,"column":6},"end":{"line":36,"column":60}},"16":{"start":{"line":38,"column":4},"end":{"line":38,"column":11}},"17":{"start":{"line":41,"column":2},"end":{"line":86,"column":4}},"18":{"start":{"line":46,"column":12},"end":{"line":69,"column":31}},"19":{"start":{"line":48,"column":16},"end":{"line":51,"column":18}}},"fnMap":{"0":{"name":"MovieList","decl":{"start":{"line":10,"column":24},"end":{"line":10,"column":33}},"loc":{"start":{"line":10,"column":36},"end":{"line":87,"column":1}},"line":10},"1":{"name":"(anonymous_1)","decl":{"start":{"line":16,"column":21},"end":{"line":16,"column":22}},"loc":{"start":{"line":16,"column":48},"end":{"line":25,"column":3}},"line":16},"2":{"name":"(anonymous_2)","decl":{"start":{"line":27,"column":12},"end":{"line":27,"column":13}},"loc":{"start":{"line":27,"column":18},"end":{"line":32,"column":3}},"line":27},"3":{"name":"(anonymous_3)","decl":{"start":{"line":28,"column":17},"end":{"line":28,"column":18}},"loc":{"start":{"line":28,"column":29},"end":{"line":30,"column":5}},"line":28},"4":{"name":"(anonymous_4)","decl":{"start":{"line":34,"column":12},"end":{"line":34,"column":13}},"loc":{"start":{"line":34,"column":18},"end":{"line":39,"column":3}},"line":34},"5":{"name":"(anonymous_5)","decl":{"start":{"line":35,"column":17},"end":{"line":35,"column":18}},"loc":{"start":{"line":35,"column":29},"end":{"line":37,"column":5}},"line":35},"6":{"name":"(anonymous_6)","decl":{"start":{"line":45,"column":22},"end":{"line":45,"column":23}},"loc":{"start":{"line":46,"column":12},"end":{"line":69,"column":31}},"line":46},"7":{"name":"(anonymous_7)","decl":{"start":{"line":47,"column":23},"end":{"line":47,"column":24}},"loc":{"start":{"line":48,"column":16},"end":{"line":51,"column":18}},"line":48}},"branchMap":{"0":{"loc":{"start":{"line":17,"column":4},"end":{"line":23,"column":5}},"type":"if","locations":[{"start":{"line":17,"column":4},"end":{"line":23,"column":5}},{"start":{"line":19,"column":11},"end":{"line":23,"column":5}}],"line":17},"1":{"loc":{"start":{"line":43,"column":7},"end":{"line":84,"column":7}},"type":"cond-expr","locations":[{"start":{"line":44,"column":8},"end":{"line":74,"column":21}},{"start":{"line":76,"column":8},"end":{"line":83,"column":15}}],"line":43}},"s":{"0":2,"1":2,"2":2,"3":2,"4":1,"5":0,"6":1,"7":1,"8":1,"9":2,"10":2,"11":2,"12":2,"13":2,"14":2,"15":2,"16":2,"17":2,"18":18,"19":0},"f":{"0":2,"1":1,"2":2,"3":2,"4":2,"5":2,"6":18,"7":0},"b":{"0":[0,1],"1":[2,0]},"_coverageSchema":"1a1c01bbd47fc00a2c39e90264f33305004495a9","hash":"748121a26fccb4b610d115cde2d8ba04b0db772b"}
,"/home/jose/projetos-mobile/app-films/components/SearchBar/SearchBar.tsx": {"path":"/home/jose/projetos-mobile/app-films/components/SearchBar/SearchBar.tsx","statementMap":{"0":{"start":{"line":9,"column":19},"end":{"line":9,"column":42}},"1":{"start":{"line":18,"column":6},"end":{"line":18,"column":31}},"2":{"start":{"line":19,"column":36},"end":{"line":19,"column":51}},"3":{"start":{"line":21,"column":26},"end":{"line":28,"column":3}},"4":{"start":{"line":22,"column":4},"end":{"line":26,"column":5}},"5":{"start":{"line":23,"column":6},"end":{"line":23,"column":29}},"6":{"start":{"line":25,"column":6},"end":{"line":25,"column":30}},"7":{"start":{"line":27,"column":4},"end":{"line":27,"column":58}},"8":{"start":{"line":30,"column":21},"end":{"line":41,"column":3}},"9":{"start":{"line":31,"column":4},"end":{"line":40,"column":5}},"10":{"start":{"line":32,"column":6},"end":{"line":32,"column":26}},"11":{"start":{"line":33,"column":6},"end":{"line":33,"column":25}},"12":{"start":{"line":35,"column":6},"end":{"line":35,"column":25}},"13":{"start":{"line":37,"column":6},"end":{"line":37,"column":26}},"14":{"start":{"line":38,"column":6},"end":{"line":38,"column":26}},"15":{"start":{"line":39,"column":6},"end":{"line":39,"column":25}},"16":{"start":{"line":43,"column":29},"end":{"line":55,"column":3}},"17":{"start":{"line":44,"column":4},"end":{"line":44,"column":27}},"18":{"start":{"line":46,"column":4},"end":{"line":54,"column":5}},"19":{"start":{"line":47,"column":6},"end":{"line":47,"column":25}},"20":{"start":{"line":48,"column":6},"end":{"line":50,"column":14}},"21":{"start":{"line":49,"column":8},"end":{"line":49,"column":34}},"22":{"start":{"line":52,"column":6},"end":{"line":52,"column":26}},"23":{"start":{"line":53,"column":6},"end":{"line":53,"column":25}},"24":{"start":{"line":57,"column":2},"end":{"line":96,"column":4}},"25":{"start":{"line":70,"column":30},"end":{"line":70,"column":50}},"26":{"start":{"line":71,"column":30},"end":{"line":71,"column":51}}},"fnMap":{"0":{"name":"SearchBar","decl":{"start":{"line":8,"column":24},"end":{"line":8,"column":33}},"loc":{"start":{"line":8,"column":76},"end":{"line":97,"column":1}},"line":8},"1":{"name":"(anonymous_1)","decl":{"start":{"line":21,"column":26},"end":{"line":21,"column":27}},"loc":{"start":{"line":21,"column":38},"end":{"line":28,"column":3}},"line":21},"2":{"name":"(anonymous_2)","decl":{"start":{"line":30,"column":21},"end":{"line":30,"column":22}},"loc":{"start":{"line":30,"column":33},"end":{"line":41,"column":3}},"line":30},"3":{"name":"(anonymous_3)","decl":{"start":{"line":43,"column":29},"end":{"line":43,"column":30}},"loc":{"start":{"line":43,"column":35},"end":{"line":55,"column":3}},"line":43},"4":{"name":"(anonymous_4)","decl":{"start":{"line":48,"column":17},"end":{"line":48,"column":18}},"loc":{"start":{"line":48,"column":23},"end":{"line":50,"column":7}},"line":48},"5":{"name":"(anonymous_5)","decl":{"start":{"line":70,"column":20},"end":{"line":70,"column":21}},"loc":{"start":{"line":70,"column":30},"end":{"line":70,"column":50}},"line":70},"6":{"name":"(anonymous_6)","decl":{"start":{"line":71,"column":20},"end":{"line":71,"column":21}},"loc":{"start":{"line":71,"column":30},"end":{"line":71,"column":51}},"line":71}},"branchMap":{"0":{"loc":{"start":{"line":22,"column":4},"end":{"line":26,"column":5}},"type":"if","locations":[{"start":{"line":22,"column":4},"end":{"line":26,"column":5}},{"start":{"line":24,"column":11},"end":{"line":26,"column":5}}],"line":22},"1":{"loc":{"start":{"line":31,"column":4},"end":{"line":40,"column":5}},"type":"if","locations":[{"start":{"line":31,"column":4},"end":{"line":40,"column":5}},{"start":{"line":36,"column":11},"end":{"line":40,"column":5}}],"line":31},"2":{"loc":{"start":{"line":46,"column":4},"end":{"line":54,"column":5}},"type":"if","locations":[{"start":{"line":46,"column":4},"end":{"line":54,"column":5}},{"start":{"line":51,"column":11},"end":{"line":54,"column":5}}],"line":46},"3":{"loc":{"start":{"line":64,"column":11},"end":{"line":76,"column":11}},"type":"binary-expr","locations":[{"start":{"line":64,"column":11},"end":{"line":64,"column":20}},{"start":{"line":65,"column":12},"end":{"line":75,"column":14}}],"line":64},"4":{"loc":{"start":{"line":69,"column":16},"end":{"line":71,"column":51}},"type":"cond-expr","locations":[{"start":{"line":70,"column":20},"end":{"line":70,"column":50}},{"start":{"line":71,"column":20},"end":{"line":71,"column":51}}],"line":69},"5":{"loc":{"start":{"line":78,"column":11},"end":{"line":92,"column":11}},"type":"cond-expr","locations":[{"start":{"line":79,"column":12},"end":{"line":84,"column":14}},{"start":{"line":86,"column":12},"end":{"line":91,"column":14}}],"line":78}},"s":{"0":0,"1":0,"2":0,"3":0,"4":0,"5":0,"6":0,"7":0,"8":0,"9":0,"10":0,"11":0,"12":0,"13":0,"14":0,"15":0,"16":0,"17":0,"18":0,"19":0,"20":0,"21":0,"22":0,"23":0,"24":0,"25":0,"26":0},"f":{"0":0,"1":0,"2":0,"3":0,"4":0,"5":0,"6":0},"b":{"0":[0,0],"1":[0,0],"2":[0,0],"3":[0,0],"4":[0,0],"5":[0,0]}}
,"/home/jose/projetos-mobile/app-films/components/SearchBar/styles.tsx": {"path":"/home/jose/projetos-mobile/app-films/components/SearchBar/styles.tsx","statementMap":{"0":{"start":{"line":4,"column":15},"end":{"line":4,"column":45}},"1":{"start":{"line":6,"column":15},"end":{"line":39,"column":2}}},"fnMap":{},"branchMap":{},"s":{"0":0,"1":0},"f":{},"b":{}}
,"/home/jose/projetos-mobile/app-films/components/SerieList/SerieList.tsx": {"path":"/home/jose/projetos-mobile/app-films/components/SerieList/SerieList.tsx","statementMap":{"0":{"start":{"line":12,"column":17},"end":{"line":12,"column":28}},"1":{"start":{"line":13,"column":20},"end":{"line":13,"column":44}},"2":{"start":{"line":15,"column":4},"end":{"line":15,"column":29}},"3":{"start":{"line":17,"column":21},"end":{"line":23,"column":3}},"4":{"start":{"line":18,"column":4},"end":{"line":22,"column":5}},"5":{"start":{"line":19,"column":6},"end":{"line":19,"column":37}},"6":{"start":{"line":21,"column":6},"end":{"line":21,"column":32}},"7":{"start":{"line":25,"column":2},"end":{"line":30,"column":9}},"8":{"start":{"line":26,"column":17},"end":{"line":28,"column":5}},"9":{"start":{"line":27,"column":6},"end":{"line":27,"column":25}},"10":{"start":{"line":29,"column":4},"end":{"line":29,"column":11}},"11":{"start":{"line":32,"column":2},"end":{"line":37,"column":15}},"12":{"start":{"line":33,"column":17},"end":{"line":35,"column":5}},"13":{"start":{"line":34,"column":6},"end":{"line":34,"column":60}},"14":{"start":{"line":36,"column":4},"end":{"line":36,"column":11}},"15":{"start":{"line":39,"column":2},"end":{"line":101,"column":4}},"16":{"start":{"line":47,"column":12},"end":{"line":84,"column":31}},"17":{"start":{"line":50,"column":16},"end":{"line":53,"column":18}},"18":{"start":{"line":73,"column":22},"end":{"line":77,"column":29}}},"fnMap":{"0":{"name":"SerieList","decl":{"start":{"line":11,"column":24},"end":{"line":11,"column":33}},"loc":{"start":{"line":11,"column":36},"end":{"line":102,"column":1}},"line":11},"1":{"name":"(anonymous_1)","decl":{"start":{"line":17,"column":21},"end":{"line":17,"column":22}},"loc":{"start":{"line":17,"column":48},"end":{"line":23,"column":3}},"line":17},"2":{"name":"(anonymous_2)","decl":{"start":{"line":25,"column":12},"end":{"line":25,"column":13}},"loc":{"start":{"line":25,"column":18},"end":{"line":30,"column":3}},"line":25},"3":{"name":"(anonymous_3)","decl":{"start":{"line":26,"column":17},"end":{"line":26,"column":18}},"loc":{"start":{"line":26,"column":29},"end":{"line":28,"column":5}},"line":26},"4":{"name":"(anonymous_4)","decl":{"start":{"line":32,"column":12},"end":{"line":32,"column":13}},"loc":{"start":{"line":32,"column":18},"end":{"line":37,"column":3}},"line":32},"5":{"name":"(anonymous_5)","decl":{"start":{"line":33,"column":17},"end":{"line":33,"column":18}},"loc":{"start":{"line":33,"column":29},"end":{"line":35,"column":5}},"line":33},"6":{"name":"(anonymous_6)","decl":{"start":{"line":46,"column":22},"end":{"line":46,"column":23}},"loc":{"start":{"line":47,"column":12},"end":{"line":84,"column":31}},"line":47},"7":{"name":"(anonymous_7)","decl":{"start":{"line":49,"column":23},"end":{"line":49,"column":24}},"loc":{"start":{"line":50,"column":16},"end":{"line":53,"column":18}},"line":50},"8":{"name":"(anonymous_8)","decl":{"start":{"line":72,"column":21},"end":{"line":72,"column":22}},"loc":{"start":{"line":73,"column":22},"end":{"line":77,"column":29}},"line":73}},"branchMap":{"0":{"loc":{"start":{"line":18,"column":4},"end":{"line":22,"column":5}},"type":"if","locations":[{"start":{"line":18,"column":4},"end":{"line":22,"column":5}},{"start":{"line":20,"column":11},"end":{"line":22,"column":5}}],"line":18},"1":{"loc":{"start":{"line":41,"column":7},"end":{"line":99,"column":7}},"type":"cond-expr","locations":[{"start":{"line":42,"column":8},"end":{"line":89,"column":21}},{"start":{"line":91,"column":8},"end":{"line":98,"column":15}}],"line":41}},"s":{"0":0,"1":0,"2":0,"3":0,"4":0,"5":0,"6":0,"7":0,"8":0,"9":0,"10":0,"11":0,"12":0,"13":0,"14":0,"15":0,"16":0,"17":0,"18":0},"f":{"0":0,"1":0,"2":0,"3":0,"4":0,"5":0,"6":0,"7":0,"8":0},"b":{"0":[0,0],"1":[0,0]}}
,"/home/jose/projetos-mobile/app-films/context/SearchContext.tsx": {"path":"/home/jose/projetos-mobile/app-films/context/SearchContext.tsx","statementMap":{"0":{"start":{"line":6,"column":29},"end":{"line":6,"column":67}},"1":{"start":{"line":13,"column":14},"end":{"line":13,"column":45}},"2":{"start":{"line":14,"column":14},"end":{"line":14,"column":45}},"3":{"start":{"line":16,"column":20},"end":{"line":16,"column":44}},"4":{"start":{"line":18,"column":30},"end":{"line":18,"column":56}},"5":{"start":{"line":19,"column":38},"end":{"line":19,"column":49}},"6":{"start":{"line":20,"column":40},"end":{"line":20,"column":52}},"7":{"start":{"line":21,"column":30},"end":{"line":21,"column":56}},"8":{"start":{"line":22,"column":38},"end":{"line":22,"column":49}},"9":{"start":{"line":23,"column":42},"end":{"line":23,"column":54}},"10":{"start":{"line":25,"column":26},"end":{"line":48,"column":3}},"11":{"start":{"line":26,"column":4},"end":{"line":47,"column":5}},"12":{"start":{"line":27,"column":19},"end":{"line":36,"column":7}},"13":{"start":{"line":37,"column":6},"end":{"line":37,"column":32}},"14":{"start":{"line":39,"column":6},"end":{"line":39,"column":60}},"15":{"start":{"line":40,"column":26},"end":{"line":40,"column":43}},"16":{"start":{"line":41,"column":6},"end":{"line":41,"column":33}},"17":{"start":{"line":42,"column":6},"end":{"line":42,"column":25}},"18":{"start":{"line":43,"column":6},"end":{"line":43,"column":25}},"19":{"start":{"line":45,"column":6},"end":{"line":45,"column":55}},"20":{"start":{"line":46,"column":6},"end":{"line":46,"column":24}},"21":{"start":{"line":50,"column":21},"end":{"line":72,"column":3}},"22":{"start":{"line":51,"column":4},"end":{"line":71,"column":5}},"23":{"start":{"line":52,"column":19},"end":{"line":61,"column":7}},"24":{"start":{"line":63,"column":6},"end":{"line":63,"column":60}},"25":{"start":{"line":64,"column":26},"end":{"line":64,"column":43}},"26":{"start":{"line":65,"column":6},"end":{"line":65,"column":33}},"27":{"start":{"line":66,"column":6},"end":{"line":66,"column":25}},"28":{"start":{"line":67,"column":6},"end":{"line":67,"column":25}},"29":{"start":{"line":69,"column":6},"end":{"line":69,"column":55}},"30":{"start":{"line":70,"column":6},"end":{"line":70,"column":24}},"31":{"start":{"line":74,"column":25},"end":{"line":94,"column":3}},"32":{"start":{"line":75,"column":4},"end":{"line":93,"column":5}},"33":{"start":{"line":76,"column":19},"end":{"line":85,"column":7}},"34":{"start":{"line":86,"column":6},"end":{"line":86,"column":33}},"35":{"start":{"line":87,"column":26},"end":{"line":87,"column":43}},"36":{"start":{"line":88,"column":6},"end":{"line":88,"column":25}},"37":{"start":{"line":89,"column":6},"end":{"line":89,"column":25}},"38":{"start":{"line":91,"column":6},"end":{"line":91,"column":55}},"39":{"start":{"line":92,"column":6},"end":{"line":92,"column":24}},"40":{"start":{"line":96,"column":21},"end":{"line":114,"column":3}},"41":{"start":{"line":97,"column":4},"end":{"line":113,"column":5}},"42":{"start":{"line":98,"column":19},"end":{"line":107,"column":7}},"43":{"start":{"line":108,"column":6},"end":{"line":108,"column":33}},"44":{"start":{"line":109,"column":26},"end":{"line":109,"column":43}},"45":{"start":{"line":110,"column":6},"end":{"line":110,"column":25}},"46":{"start":{"line":112,"column":6},"end":{"line":112,"column":55}},"47":{"start":{"line":115,"column":17},"end":{"line":130,"column":3}},"48":{"start":{"line":131,"column":2},"end":{"line":133,"column":4}}},"fnMap":{"0":{"name":"SearchProvider","decl":{"start":{"line":8,"column":24},"end":{"line":8,"column":38}},"loc":{"start":{"line":12,"column":3},"end":{"line":134,"column":1}},"line":12},"1":{"name":"(anonymous_1)","decl":{"start":{"line":25,"column":26},"end":{"line":25,"column":27}},"loc":{"start":{"line":25,"column":61},"end":{"line":48,"column":3}},"line":25},"2":{"name":"(anonymous_2)","decl":{"start":{"line":50,"column":21},"end":{"line":50,"column":22}},"loc":{"start":{"line":50,"column":56},"end":{"line":72,"column":3}},"line":50},"3":{"name":"(anonymous_3)","decl":{"start":{"line":74,"column":25},"end":{"line":74,"column":26}},"loc":{"start":{"line":74,"column":60},"end":{"line":94,"column":3}},"line":74},"4":{"name":"(anonymous_4)","decl":{"start":{"line":96,"column":21},"end":{"line":96,"column":22}},"loc":{"start":{"line":96,"column":56},"end":{"line":114,"column":3}},"line":96}},"branchMap":{"0":{"loc":{"start":{"line":25,"column":33},"end":{"line":25,"column":56}},"type":"default-arg","locations":[{"start":{"line":25,"column":55},"end":{"line":25,"column":56}}],"line":25},"1":{"loc":{"start":{"line":50,"column":28},"end":{"line":50,"column":51}},"type":"default-arg","locations":[{"start":{"line":50,"column":50},"end":{"line":50,"column":51}}],"line":50},"2":{"loc":{"start":{"line":74,"column":32},"end":{"line":74,"column":55}},"type":"default-arg","locations":[{"start":{"line":74,"column":54},"end":{"line":74,"column":55}}],"line":74},"3":{"loc":{"start":{"line":96,"column":28},"end":{"line":96,"column":51}},"type":"default-arg","locations":[{"start":{"line":96,"column":50},"end":{"line":96,"column":51}}],"line":96}},"s":{"0":1,"1":0,"2":0,"3":0,"4":0,"5":0,"6":0,"7":0,"8":0,"9":0,"10":0,"11":0,"12":0,"13":0,"14":0,"15":0,"16":0,"17":0,"18":0,"19":0,"20":0,"21":0,"22":0,"23":0,"24":0,"25":0,"26":0,"27":0,"28":0,"29":0,"30":0,"31":0,"32":0,"33":0,"34":0,"35":0,"36":0,"37":0,"38":0,"39":0,"40":0,"41":0,"42":0,"43":0,"44":0,"45":0,"46":0,"47":0,"48":0},"f":{"0":0,"1":0,"2":0,"3":0,"4":0},"b":{"0":[0],"1":[0],"2":[0],"3":[0]},"_coverageSchema":"1a1c01bbd47fc00a2c39e90264f33305004495a9","hash":"ea847f9e4960181c8f97ab68dd8ce811cdec575e"}
,"/home/jose/projetos-mobile/app-films/functions/login.ts": {"path":"/home/jose/projetos-mobile/app-films/functions/login.ts","statementMap":{"0":{"start":{"line":1,"column":14},"end":{"line":1,"column":49}},"1":{"start":{"line":2,"column":17},"end":{"line":2,"column":55}},"2":{"start":{"line":11,"column":2},"end":{"line":13,"column":3}},"3":{"start":{"line":12,"column":4},"end":{"line":12,"column":38}},"4":{"start":{"line":14,"column":2},"end":{"line":14,"column":35}}},"fnMap":{"0":{"name":"login","decl":{"start":{"line":4,"column":24},"end":{"line":4,"column":29}},"loc":{"start":{"line":10,"column":3},"end":{"line":15,"column":1}},"line":10}},"branchMap":{"0":{"loc":{"start":{"line":11,"column":2},"end":{"line":13,"column":3}},"type":"if","locations":[{"start":{"line":11,"column":2},"end":{"line":13,"column":3}},{"start":{},"end":{}}],"line":11},"1":{"loc":{"start":{"line":11,"column":6},"end":{"line":11,"column":46}},"type":"binary-expr","locations":[{"start":{"line":11,"column":6},"end":{"line":11,"column":21}},{"start":{"line":11,"column":25},"end":{"line":11,"column":46}}],"line":11}},"s":{"0":1,"1":1,"2":0,"3":0,"4":0},"f":{"0":0},"b":{"0":[0,0],"1":[0,0]},"_coverageSchema":"1a1c01bbd47fc00a2c39e90264f33305004495a9","hash":"574a678a93547e09a4fa8ca4b3919ade7d4f773a"}
,"/home/jose/projetos-mobile/app-films/mocks/loadMovies.ts": {"path":"/home/jose/projetos-mobile/app-films/mocks/loadMovies.ts","statementMap":{"0":{"start":{"line":1,"column":23},"end":{"line":120,"column":1}}},"fnMap":{},"branchMap":{},"s":{"0":1},"f":{},"b":{},"_coverageSchema":"1a1c01bbd47fc00a2c39e90264f33305004495a9","hash":"1b065dee90bf51b3c42770167079e0cbcf1f8ce9"}
}
